# JRE version: OpenJDK Runtime Environment Temurin-21.0.3+9 (21.0.3+9) (build 21.0.3+9-LTS)
# Java VM: OpenJDK 64-Bit Server VM Temurin-21.0.3+9 (21.0.3+9-LTS, mixed mode, sharing, tiered, compressed oops, compressed class ptrs, g1 gc, windows-amd64)
GC Precious Log:
 CardTable entry size: 512
 Card Set container configuration: InlinePtr #cards 5 size 8 Array Of Cards #cards 12 size 40 Howl #buckets 4 coarsen threshold 1843 Howl Bitmap #cards 512 size 80 coarsen threshold 460 Card regions per heap region 1 cards per card region 2048
 CPUs: 4 total, 4 available
 Memory: 3877M
 Large Page Support: Disabled
 NUMA Support: Disabled
 Compressed Oops: Enabled (32-bit)
 Heap Region Size: 1M
 Heap Min Capacity: 8M
 Heap Initial Capacity: 62M
 Heap Max Capacity: 970M
 Pre-touch: Disabled
 Parallel Workers: 4
 Concurrent Workers: 1
 Concurrent Refinement Workers: 4
 Periodic GC: Disabled
Heap:
 garbage-first heap   total 72704K, used 62192K [0x00000000c3600000, 0x0000000100000000)
  region size 1024K, 24 young (24576K), 3 survivors (3072K)
 Metaspace       used 77410K, committed 78144K, reserved 1179648K
  class space    used 10571K, committed 10880K, reserved 1048576K
GC Heap History (20 events):
Event: 7.317 GC heap before
{Heap before GC invocations=7 (full 0):
 garbage-first heap   total 58368K, used 46246K [0x00000000c3600000, 0x0000000100000000)
  region size 1024K, 30 young (30720K), 4 survivors (4096K)
 Metaspace       used 30356K, committed 30784K, reserved 1114112K
  class space    used 3963K, committed 4160K, reserved 1048576K
}
Event: 7.330 GC heap after
{Heap after GC invocations=8 (full 0):
 garbage-first heap   total 58368K, used 22220K [0x00000000c3600000, 0x0000000100000000)
  region size 1024K, 3 young (3072K), 3 survivors (3072K)
 Metaspace       used 30356K, committed 30784K, reserved 1114112K
  class space    used 3963K, committed 4160K, reserved 1048576K
}
Event: 8.191 GC heap before
{Heap before GC invocations=8 (full 0):
 garbage-first heap   total 58368K, used 40652K [0x00000000c3600000, 0x0000000100000000)
  region size 1024K, 23 young (23552K), 3 survivors (3072K)
 Metaspace       used 35485K, committed 35968K, reserved 1114112K
  class space    used 4791K, committed 4992K, reserved 1048576K
}
Event: 8.197 GC heap after
{Heap after GC invocations=9 (full 0):
 garbage-first heap   total 58368K, used 23278K [0x00000000c3600000, 0x0000000100000000)
  region size 1024K, 1 young (1024K), 1 survivors (1024K)
 Metaspace       used 35485K, committed 35968K, reserved 1114112K
  class space    used 4791K, committed 4992K, reserved 1048576K
}
Event: 10.403 GC heap before
{Heap before GC invocations=10 (full 0):
 garbage-first heap   total 58368K, used 48878K [0x00000000c3600000, 0x0000000100000000)
  region size 1024K, 26 young (26624K), 1 survivors (1024K)
 Metaspace       used 46173K, committed 46656K, reserved 1114112K
  class space    used 6119K, committed 6336K, reserved 1048576K
}
Event: 10.410 GC heap after
{Heap after GC invocations=11 (full 0):
 garbage-first heap   total 58368K, used 26167K [0x00000000c3600000, 0x0000000100000000)
  region size 1024K, 4 young (4096K), 4 survivors (4096K)
 Metaspace       used 46173K, committed 46656K, reserved 1114112K
  class space    used 6119K, committed 6336K, reserved 1048576K
}
Event: 11.335 GC heap before
{Heap before GC invocations=11 (full 0):
 garbage-first heap   total 58368K, used 48695K [0x00000000c3600000, 0x0000000100000000)
  region size 1024K, 27 young (27648K), 4 survivors (4096K)
 Metaspace       used 52805K, committed 53312K, reserved 1114112K
  class space    used 7030K, committed 7232K, reserved 1048576K
}
Event: 11.344 GC heap after
{Heap after GC invocations=12 (full 0):
 garbage-first heap   total 58368K, used 27401K [0x00000000c3600000, 0x0000000100000000)
  region size 1024K, 2 young (2048K), 2 survivors (2048K)
 Metaspace       used 52805K, committed 53312K, reserved 1114112K
  class space    used 7030K, committed 7232K, reserved 1048576K
}
Event: 12.389 GC heap before
{Heap before GC invocations=12 (full 0):
 garbage-first heap   total 58368K, used 48905K [0x00000000c3600000, 0x0000000100000000)
  region size 1024K, 24 young (24576K), 2 survivors (2048K)
 Metaspace       used 59479K, committed 60032K, reserved 1114112K
  class space    used 8048K, committed 8256K, reserved 1048576K
}
Event: 12.393 GC heap after
{Heap after GC invocations=13 (full 0):
 garbage-first heap   total 58368K, used 28300K [0x00000000c3600000, 0x0000000100000000)
  region size 1024K, 3 young (3072K), 3 survivors (3072K)
 Metaspace       used 59479K, committed 60032K, reserved 1114112K
  class space    used 8048K, committed 8256K, reserved 1048576K
}
Event: 13.203 GC heap before
{Heap before GC invocations=14 (full 0):
 garbage-first heap   total 58368K, used 49804K [0x00000000c3600000, 0x0000000100000000)
  region size 1024K, 24 young (24576K), 3 survivors (3072K)
 Metaspace       used 63813K, committed 64384K, reserved 1114112K
  class space    used 8658K, committed 8960K, reserved 1048576K
}
Event: 13.212 GC heap after
{Heap after GC invocations=15 (full 0):
 garbage-first heap   total 58368K, used 30137K [0x00000000c3600000, 0x0000000100000000)
  region size 1024K, 3 young (3072K), 3 survivors (3072K)
 Metaspace       used 63813K, committed 64384K, reserved 1114112K
  class space    used 8658K, committed 8960K, reserved 1048576K
}
Event: 14.316 GC heap before
{Heap before GC invocations=15 (full 0):
 garbage-first heap   total 58368K, used 50617K [0x00000000c3600000, 0x0000000100000000)
  region size 1024K, 23 young (23552K), 3 survivors (3072K)
 Metaspace       used 66918K, committed 67584K, reserved 1114112K
  class space    used 9094K, committed 9408K, reserved 1048576K
}
Event: 14.329 GC heap after
{Heap after GC invocations=16 (full 0):
 garbage-first heap   total 58368K, used 32266K [0x00000000c3600000, 0x0000000100000000)
  region size 1024K, 3 young (3072K), 3 survivors (3072K)
 Metaspace       used 66918K, committed 67584K, reserved 1114112K
  class space    used 9094K, committed 9408K, reserved 1048576K
}
Event: 16.316 GC heap before
{Heap before GC invocations=16 (full 0):
 garbage-first heap   total 58368K, used 50698K [0x00000000c3600000, 0x0000000100000000)
  region size 1024K, 21 young (21504K), 3 survivors (3072K)
 Metaspace       used 70408K, committed 71104K, reserved 1114112K
  class space    used 9626K, committed 9920K, reserved 1048576K
}
Event: 16.325 GC heap after
{Heap after GC invocations=17 (full 0):
 garbage-first heap   total 58368K, used 34352K [0x00000000c3600000, 0x0000000100000000)
  region size 1024K, 2 young (2048K), 2 survivors (2048K)
 Metaspace       used 70408K, committed 71104K, reserved 1114112K
  class space    used 9626K, committed 9920K, reserved 1048576K
}
Event: 16.905 GC heap before
{Heap before GC invocations=18 (full 0):
 garbage-first heap   total 60416K, used 50736K [0x00000000c3600000, 0x0000000100000000)
  region size 1024K, 19 young (19456K), 2 survivors (2048K)
 Metaspace       used 72266K, committed 72960K, reserved 1114112K
  class space    used 9861K, committed 10176K, reserved 1048576K
}
Event: 16.913 GC heap after
{Heap after GC invocations=19 (full 0):
 garbage-first heap   total 60416K, used 36424K [0x00000000c3600000, 0x0000000100000000)
  region size 1024K, 3 young (3072K), 3 survivors (3072K)
 Metaspace       used 72266K, committed 72960K, reserved 1114112K
  class space    used 9861K, committed 10176K, reserved 1048576K
}
Event: 21.325 GC heap before
{Heap before GC invocations=19 (full 0):
 garbage-first heap   total 66560K, used 64072K [0x00000000c3600000, 0x0000000100000000)
  region size 1024K, 11 young (11264K), 3 survivors (3072K)
 Metaspace       used 73275K, committed 73984K, reserved 1114112K
  class space    used 9980K, committed 10304K, reserved 1048576K
}
Event: 21.333 GC heap after
{Heap after GC invocations=20 (full 0):
 garbage-first heap   total 72704K, used 41712K [0x00000000c3600000, 0x0000000100000000)
  region size 1024K, 3 young (3072K), 3 survivors (3072K)
 Metaspace       used 73275K, committed 73984K, reserved 1114112K
  class space    used 9980K, committed 10304K, reserved 1048576K
}

